<?xml version="1.0" encoding="UTF-8"?>
<testng-results ignored="0" total="1" passed="1" failed="0" skipped="0">
  <reporter-output>
  </reporter-output>
  <suite started-at="2025-06-02T11:02:22 IST" name="Default suite" finished-at="2025-06-02T11:02:22 IST" duration-ms="98">
    <groups>
    </groups>
    <test started-at="2025-06-02T11:02:22 IST" name="Default test" finished-at="2025-06-02T11:02:22 IST" duration-ms="98">
      <class name="GitBash.GitbashClass">
        <test-method signature="git()[pri:0, instance:GitBash.GitbashClass@10683d9d]" started-at="2025-06-02T11:02:22 IST" name="git" finished-at="2025-06-02T11:02:22 IST" duration-ms="26" status="PASS">
          <reporter-output>
          </reporter-output>
        </test-method> <!-- git -->
      </class> <!-- GitBash.GitbashClass -->
    </test> <!-- Default test -->
  </suite> <!-- Default suite -->
</testng-results>
